<?xml version="1.0" encoding="UTF-8" ?>
<testsuite tests="23" failures="0" name="step_definitions.RunCukesTest" time="9.446" errors="0" skipped="0">
  <properties>
[...]
</properties>
  <testcase classname="Scenario: Normal login" name="Given user open the website sauce demo" time="0.008"/>
  <testcase classname="Scenario: Normal login" name="When user input &quot;standard_user&quot; as userName and input &quot;secret_sauce&quot; as password" time="0.003"/>
  <testcase classname="Scenario: Normal login" name="Scenario: Normal login" time="3.801"/>
  <testcase classname="| alifa | 2345 | Epic sadface: Username and password do not match any user in this service |" name="Given user open the website sauce demo" time="0"/>
  <testcase classname="| alifa | 2345 | Epic sadface: Username and password do not match any user in this service |" name="When user input &quot;alifa&quot; as userName and input &quot;2345&quot; as password" time="0"/>
  <testcase classname="| alifa | 2345 | Epic sadface: Username and password do not match any user in this service |" name="Then user will get &quot;Epic sadface: Username and password do not match any user in this service&quot; as errorText" time="0"/>
  <testcase classname="| alifa | 2345 | Epic sadface: Username and password do not match any user in this service |" name="| alifa | 2345 | Epic sadface: Username and password do not match any user in this service |" time="1.296"/>
  <testcase classname="|  | 2345 | Epic sadface: Username is required |" name="Given user open the website sauce demo" time="0"/>
  <testcase classname="|  | 2345 | Epic sadface: Username is required |" name="When user input &quot;&quot; as userName and input &quot;2345&quot; as password" time="0"/>
  <testcase classname="|  | 2345 | Epic sadface: Username is required |" name="Then user will get &quot;Epic sadface: Username is required&quot; as errorText" time="0"/>
  <testcase classname="|  | 2345 | Epic sadface: Username is required |" name="|  | 2345 | Epic sadface: Username is required |" time="1.161"/>
  <testcase classname="| alifa |  | Epic sadface: Password is required |" name="Given user open the website sauce demo" time="0"/>
  <testcase classname="| alifa |  | Epic sadface: Password is required |" name="When user input &quot;alifa&quot; as userName and input &quot;&quot; as password" time="0.001"/>
  <testcase classname="| alifa |  | Epic sadface: Password is required |" name="Then user will get &quot;Epic sadface: Password is required&quot; as errorText" time="0"/>
  <testcase classname="| alifa |  | Epic sadface: Password is required |" name="| alifa |  | Epic sadface: Password is required |" time="1.081"/>
  <testcase classname="|  |  | Epic sadface: Username is required |" name="Given user open the website sauce demo" time="0"/>
  <testcase classname="|  |  | Epic sadface: Username is required |" name="When user input &quot;&quot; as userName and input &quot;&quot; as password" time="0"/>
  <testcase classname="|  |  | Epic sadface: Username is required |" name="Then user will get &quot;Epic sadface: Username is required&quot; as errorText" time="0"/>
  <testcase classname="|  |  | Epic sadface: Username is required |" name="|  |  | Epic sadface: Username is required |" time="1.05"/>
  <testcase classname="| standard_user | 2345 | Epic sadface: Username and password do not match any user in this service |" name="Given user open the website sauce demo" time="0"/>
  <testcase classname="| standard_user | 2345 | Epic sadface: Username and password do not match any user in this service |" name="When user input &quot;standard_user&quot; as userName and input &quot;2345&quot; as password" time="0"/>
  <testcase classname="| standard_user | 2345 | Epic sadface: Username and password do not match any user in this service |" name="Then user will get &quot;Epic sadface: Username and password do not match any user in this service&quot; as errorText" time="0"/>
  <testcase classname="| standard_user | 2345 | Epic sadface: Username and password do not match any user in this service |" name="| standard_user | 2345 | Epic sadface: Username and password do not match any user in this service |" time="1.045"/>
</testsuite>