<?xml version="1.0" encoding="UTF-8" ?>
<testsuite tests="23" failures="0" name="step_definitions.RunCukesTest" time="0.026" errors="2" skipped="0">
  <properties>
[...]
</properties>
  <testcase classname="Scenario: Add an item to cart" name="Given user open the website sauce demo" time="0.006"/>
  <testcase classname="Scenario: Add an item to cart" name="When user input &quot;standard_user&quot; as userName and input &quot;secret_sauce&quot; as password" time="0"/>
  <testcase classname="Scenario: Add an item to cart" name="Then user is on inventory page" time="0.001"/>
  <testcase classname="Scenario: Add an item to cart" name="When user choose &quot;Name (Z to A)&quot; as option for sorting the items" time="0"/>
  <testcase classname="Scenario: Add an item to cart" name="And user click add to cart button for &quot;Test.allTheThings() T-Shirt (Red)&quot; as productName" time="0"/>
  <testcase classname="Scenario: Add an item to cart" name="And user click add to cart button for &quot;Sauce Labs Onesie&quot; as productName" time="0"/>
  <testcase classname="Scenario: Add an item to cart" name="Then user can see the cart bedge appeared" time="0"/>
  <testcase classname="Scenario: Add an item to cart" name="When user click cart button" time="0.001"/>
  <testcase classname="Scenario: Add an item to cart" name="Then user will be directed to cart page" time="0"/>
  <testcase classname="Scenario: Add an item to cart" name="Then &quot;Test.allTheThings() T-Shirt (Red)&quot; as productName appeared on card page" time="0"/>
  <testcase classname="Scenario: Add an item to cart" name="Then &quot;Sauce Labs Onesie&quot; as productName appeared on card page" time="0"/>
  <testcase classname="Scenario: Add an item to cart" name="And user click remove item for &quot;Sauce Labs Onesie&quot; as productName" time="0"/>
  <testcase classname="Scenario: Add an item to cart" name="When user click checkout button" time="0"/>
  <testcase classname="Scenario: Add an item to cart" name="Then user is on checkout step one page" time="0"/>
  <testcase classname="Scenario: Add an item to cart" name="When user input &quot;Alifa&quot; as firstName and input &quot;Almira&quot; as lastName and input &quot;41235&quot; as zipCode for shipping information" time="0"/>
  <testcase classname="Scenario: Add an item to cart" name="Then user wil redirected to checkout step two page" time="0"/>
  <testcase classname="Scenario: Add an item to cart" name="Then user will see the correct price for &quot;Test.allTheThings() T-Shirt (Red)&quot; as productName" time="0"/>
  <testcase classname="Scenario: Add an item to cart" name="Then user will see the correct tax for &quot;Test.allTheThings() T-Shirt (Red)&quot; as productName" time="0"/>
  <testcase classname="Scenario: Add an item to cart" name="Then user will see the correct total" time="0"/>
  <testcase classname="Scenario: Add an item to cart" name="When user click finish button" time="0"/>
  <testcase classname="Scenario: Add an item to cart" name="Then user is redirected to checkout complete" time="0"/>
  <testcase classname="Scenario: Add an item to cart" name="Then user get gratitude message" time="0.008">
    <error message="Arity mismatch: Step Definition &apos;step_definitions.CheckoutSteps.verifyMessage(String) in file:/C:/Users/Angga%20Nurhiman/IdeaProjects/sauceDemo/target/test-classes/&apos; with pattern [user get gratitude message] is declared with 1 parameters. However, the gherkin step has 0 arguments []. 
Step: Then user get gratitude message" type="cucumber.runtime.CucumberException">cucumber.runtime.CucumberException: Arity mismatch: Step Definition &apos;step_definitions.CheckoutSteps.verifyMessage(String) in file:/C:/Users/Angga%20Nurhiman/IdeaProjects/sauceDemo/target/test-classes/&apos; with pattern [user get gratitude message] is declared with 1 parameters. However, the gherkin step has 0 arguments []. 
Step: Then user get gratitude message
	at cucumber.runtime.StepDefinitionMatch.arityMismatch(StepDefinitionMatch.java:102)
	at cucumber.runtime.StepDefinitionMatch.transformedArgs(StepDefinitionMatch.java:60)
	at cucumber.runtime.StepDefinitionMatch.runStep(StepDefinitionMatch.java:37)
	at cucumber.runtime.Runtime.runStep(Runtime.java:300)
	at cucumber.runtime.model.StepContainer.runStep(StepContainer.java:44)
	at cucumber.runtime.model.StepContainer.runSteps(StepContainer.java:39)
	at cucumber.runtime.model.CucumberScenario.run(CucumberScenario.java:44)
	at cucumber.runtime.junit.ExecutionUnitRunner.run(ExecutionUnitRunner.java:102)
	at cucumber.runtime.junit.FeatureRunner.runChild(FeatureRunner.java:63)
	at cucumber.runtime.junit.FeatureRunner.runChild(FeatureRunner.java:18)
	at org.junit.runners.ParentRunner$3.run(ParentRunner.java:238)
	at org.junit.runners.ParentRunner$1.schedule(ParentRunner.java:63)
	at org.junit.runners.ParentRunner.runChildren(ParentRunner.java:236)
	at org.junit.runners.ParentRunner.access$000(ParentRunner.java:53)
	at org.junit.runners.ParentRunner$2.evaluate(ParentRunner.java:229)
	at org.junit.runners.ParentRunner.run(ParentRunner.java:309)
	at cucumber.runtime.junit.FeatureRunner.run(FeatureRunner.java:70)
	at cucumber.api.junit.Cucumber.runChild(Cucumber.java:95)
	at cucumber.api.junit.Cucumber.runChild(Cucumber.java:38)
	at org.junit.runners.ParentRunner$3.run(ParentRunner.java:238)
	at org.junit.runners.ParentRunner$1.schedule(ParentRunner.java:63)
	at org.junit.runners.ParentRunner.runChildren(ParentRunner.java:236)
	at org.junit.runners.ParentRunner.access$000(ParentRunner.java:53)
	at org.junit.runners.ParentRunner$2.evaluate(ParentRunner.java:229)
	at org.junit.runners.ParentRunner.run(ParentRunner.java:309)
	at cucumber.api.junit.Cucumber.run(Cucumber.java:100)
	at org.apache.maven.surefire.junit4.JUnit4Provider.execute(JUnit4Provider.java:252)
	at org.apache.maven.surefire.junit4.JUnit4Provider.executeTestSet(JUnit4Provider.java:141)
	at org.apache.maven.surefire.junit4.JUnit4Provider.invoke(JUnit4Provider.java:112)
	at sun.reflect.NativeMethodAccessorImpl.invoke0(Native Method)
	at sun.reflect.NativeMethodAccessorImpl.invoke(NativeMethodAccessorImpl.java:62)
	at sun.reflect.DelegatingMethodAccessorImpl.invoke(DelegatingMethodAccessorImpl.java:43)
	at java.lang.reflect.Method.invoke(Method.java:498)
	at org.apache.maven.surefire.util.ReflectionUtils.invokeMethodWithArray(ReflectionUtils.java:189)
	at org.apache.maven.surefire.booter.ProviderFactory$ProviderProxy.invoke(ProviderFactory.java:165)
	at org.apache.maven.surefire.booter.ProviderFactory.invokeProvider(ProviderFactory.java:85)
	at org.apache.maven.surefire.booter.ForkedBooter.runSuitesInProcess(ForkedBooter.java:115)
	at org.apache.maven.surefire.booter.ForkedBooter.main(ForkedBooter.java:75)
</error>
  </testcase>
  <testcase classname="Scenario: Add an item to cart" name="Scenario: Add an item to cart" time="0.01">
    <error message="Arity mismatch: Step Definition &apos;step_definitions.CheckoutSteps.verifyMessage(String) in file:/C:/Users/Angga%20Nurhiman/IdeaProjects/sauceDemo/target/test-classes/&apos; with pattern [user get gratitude message] is declared with 1 parameters. However, the gherkin step has 0 arguments []. 
Step: Then user get gratitude message" type="cucumber.runtime.CucumberException">cucumber.runtime.CucumberException: Arity mismatch: Step Definition &apos;step_definitions.CheckoutSteps.verifyMessage(String) in file:/C:/Users/Angga%20Nurhiman/IdeaProjects/sauceDemo/target/test-classes/&apos; with pattern [user get gratitude message] is declared with 1 parameters. However, the gherkin step has 0 arguments []. 
Step: Then user get gratitude message
	at cucumber.runtime.StepDefinitionMatch.arityMismatch(StepDefinitionMatch.java:102)
	at cucumber.runtime.StepDefinitionMatch.transformedArgs(StepDefinitionMatch.java:60)
	at cucumber.runtime.StepDefinitionMatch.runStep(StepDefinitionMatch.java:37)
	at cucumber.runtime.Runtime.runStep(Runtime.java:300)
	at cucumber.runtime.model.StepContainer.runStep(StepContainer.java:44)
	at cucumber.runtime.model.StepContainer.runSteps(StepContainer.java:39)
	at cucumber.runtime.model.CucumberScenario.run(CucumberScenario.java:44)
	at cucumber.runtime.junit.ExecutionUnitRunner.run(ExecutionUnitRunner.java:102)
	at cucumber.runtime.junit.FeatureRunner.runChild(FeatureRunner.java:63)
	at cucumber.runtime.junit.FeatureRunner.runChild(FeatureRunner.java:18)
	at org.junit.runners.ParentRunner$3.run(ParentRunner.java:238)
	at org.junit.runners.ParentRunner$1.schedule(ParentRunner.java:63)
	at org.junit.runners.ParentRunner.runChildren(ParentRunner.java:236)
	at org.junit.runners.ParentRunner.access$000(ParentRunner.java:53)
	at org.junit.runners.ParentRunner$2.evaluate(ParentRunner.java:229)
	at org.junit.runners.ParentRunner.run(ParentRunner.java:309)
	at cucumber.runtime.junit.FeatureRunner.run(FeatureRunner.java:70)
	at cucumber.api.junit.Cucumber.runChild(Cucumber.java:95)
	at cucumber.api.junit.Cucumber.runChild(Cucumber.java:38)
	at org.junit.runners.ParentRunner$3.run(ParentRunner.java:238)
	at org.junit.runners.ParentRunner$1.schedule(ParentRunner.java:63)
	at org.junit.runners.ParentRunner.runChildren(ParentRunner.java:236)
	at org.junit.runners.ParentRunner.access$000(ParentRunner.java:53)
	at org.junit.runners.ParentRunner$2.evaluate(ParentRunner.java:229)
	at org.junit.runners.ParentRunner.run(ParentRunner.java:309)
	at cucumber.api.junit.Cucumber.run(Cucumber.java:100)
	at org.apache.maven.surefire.junit4.JUnit4Provider.execute(JUnit4Provider.java:252)
	at org.apache.maven.surefire.junit4.JUnit4Provider.executeTestSet(JUnit4Provider.java:141)
	at org.apache.maven.surefire.junit4.JUnit4Provider.invoke(JUnit4Provider.java:112)
	at sun.reflect.NativeMethodAccessorImpl.invoke0(Native Method)
	at sun.reflect.NativeMethodAccessorImpl.invoke(NativeMethodAccessorImpl.java:62)
	at sun.reflect.DelegatingMethodAccessorImpl.invoke(DelegatingMethodAccessorImpl.java:43)
	at java.lang.reflect.Method.invoke(Method.java:498)
	at org.apache.maven.surefire.util.ReflectionUtils.invokeMethodWithArray(ReflectionUtils.java:189)
	at org.apache.maven.surefire.booter.ProviderFactory$ProviderProxy.invoke(ProviderFactory.java:165)
	at org.apache.maven.surefire.booter.ProviderFactory.invokeProvider(ProviderFactory.java:85)
	at org.apache.maven.surefire.booter.ForkedBooter.runSuitesInProcess(ForkedBooter.java:115)
	at org.apache.maven.surefire.booter.ForkedBooter.main(ForkedBooter.java:75)
</error>
  </testcase>
</testsuite>